app/build/outputs/logs/manifest-merger-debug-report.txt
-- Merging decision tree log ---
manifest
ADDED from src/main/AndroidManifest.xml:2:1-40:12
	package
		ADDED from src/main/AndroidManifest.xml:3:5-29
		INJECTED from src/main/AndroidManifest.xml
		INJECTED from src/main/AndroidManifest.xml
	android:versionName
		INJECTED from src/main/AndroidManifest.xml
		INJECTED from src/main/AndroidManifest.xml
	xmlns:android
		ADDED from src/main/AndroidManifest.xml:2:11-69
	android:versionCode
		INJECTED from src/main/AndroidManifest.xml
		INJECTED from src/main/AndroidManifest.xml
application
ADDED from src/main/AndroidManifest.xml:5:5-38:19
MERGED from [com.android.support:appcompat-v7:23.1.1] AndroidManifest.xml:22:5-20
MERGED from [com.android.support:support-v4:23.1.1] AndroidManifest.xml:22:5-20
MERGED from [com.android.support:design:23.1.1] AndroidManifest.xml:22:5-20
MERGED from [com.android.support:appcompat-v7:23.1.1] AndroidManifest.xml:22:5-20
MERGED from [com.android.support:support-v4:23.1.1] AndroidManifest.xml:22:5-20
MERGED from [com.android.support:support-v4:23.1.1] AndroidManifest.xml:22:5-20
MERGED from [com.android.support:support-v4:23.1.1] AndroidManifest.xml:22:5-20
	android:label
		ADDED from src/main/AndroidManifest.xml:9:9-41
	android:supportsRtl
		ADDED from src/main/AndroidManifest.xml:10:9-35
	android:allowBackup
		ADDED from src/main/AndroidManifest.xml:7:9-35
	android:icon
		ADDED from src/main/AndroidManifest.xml:8:9-43
	android:theme
		ADDED from src/main/AndroidManifest.xml:11:9-40
	android:name
		ADDED from src/main/AndroidManifest.xml:6:9-40
provider#com.amigo.todo.contentprovider.ToDoContentProvider
ADDED from src/main/AndroidManifest.xml:12:9-14:68
	android:authorities
		ADDED from src/main/AndroidManifest.xml:14:13-65
	android:name
		ADDED from src/main/AndroidManifest.xml:13:13-64
activity#com.amigo.todo.ToDoEditActivity
ADDED from src/main/AndroidManifest.xml:16:9-23:20
	android:label
		ADDED from src/main/AndroidManifest.xml:18:13-29
	android:windowSoftInputMode
		ADDED from src/main/AndroidManifest.xml:19:13-68
	android:name
		ADDED from src/main/AndroidManifest.xml:17:13-45
meta-data#android.support.PARENT_ACTIVITY
ADDED from src/main/AndroidManifest.xml:20:13-22:63
	android:value
		ADDED from src/main/AndroidManifest.xml:22:17-60
	android:name
		ADDED from src/main/AndroidManifest.xml:21:17-63
activity#com.amigo.todo.ToDoActivity
ADDED from src/main/AndroidManifest.xml:24:9-34:20
	android:label
		ADDED from src/main/AndroidManifest.xml:26:13-29
	android:launchMode
		ADDED from src/main/AndroidManifest.xml:27:13-43
	android:theme
		ADDED from src/main/AndroidManifest.xml:28:13-56
	android:name
		ADDED from src/main/AndroidManifest.xml:25:13-41
intent-filter#android.intent.action.MAIN+android.intent.category.LAUNCHER
ADDED from src/main/AndroidManifest.xml:29:13-33:29
action#android.intent.action.MAIN
ADDED from src/main/AndroidManifest.xml:30:17-69
	android:name
		ADDED from src/main/AndroidManifest.xml:30:25-66
category#android.intent.category.LAUNCHER
ADDED from src/main/AndroidManifest.xml:32:17-77
	android:name
		ADDED from src/main/AndroidManifest.xml:32:27-74
service#com.amigo.todo.NotificationService
ADDED from src/main/AndroidManifest.xml:36:9-37:59
	android:name
		ADDED from src/main/AndroidManifest.xml:37:13-48
uses-sdk
INJECTED from src/main/AndroidManifest.xml reason: use-sdk injection requested
MERGED from [com.android.support:appcompat-v7:23.1.1] AndroidManifest.xml:20:5-43
MERGED from [com.android.support:support-v4:23.1.1] AndroidManifest.xml:20:5-43
MERGED from [com.android.support:design:23.1.1] AndroidManifest.xml:20:5-43
MERGED from [com.android.support:appcompat-v7:23.1.1] AndroidManifest.xml:20:5-43
MERGED from [com.android.support:support-v4:23.1.1] AndroidManifest.xml:20:5-43
MERGED from [com.android.support:recyclerview-v7:23.1.1] AndroidManifest.xml:20:5-43
MERGED from [com.android.support:support-v4:23.1.1] AndroidManifest.xml:20:5-43
MERGED from [com.android.support:support-v4:23.1.1] AndroidManifest.xml:20:5-43
	android:targetSdkVersion
		INJECTED from src/main/AndroidManifest.xml
		INJECTED from src/main/AndroidManifest.xml
	android:minSdkVersion
		INJECTED from src/main/AndroidManifest.xml
		INJECTED from src/main/AndroidManifest.xml